<?xml version="1.0" encoding="UTF-8"?>
<!-- Generated by org.testng.reporters.JUnitXMLReporter -->
<testsuite ignored="1" hostname="DESKTOP-T5J9HRI" failures="2" tests="14" name="MyTest" time="301.619" errors="0" timestamp="2023-10-30T07:06:38 CDT">
  <testcase classname="com.automation.tests.Scripts.SalesforceLoginScript" name="login_to_salesforce_CheckRemeberMe" time="14.644">
    <failure type="org.openqa.selenium.JavascriptException" message="Cyclic object value
Build info: version: &amp;apos;4.13.0&amp;apos;, revision: &amp;apos;ba948ece5b*&amp;apos;
System info: os.name: &amp;apos;Windows 10&amp;apos;, os.arch: &amp;apos;amd64&amp;apos;, os.version: &amp;apos;10.0&amp;apos;, java.version: &amp;apos;17.0.8&amp;apos;
Driver info: org.openqa.selenium.firefox.FirefoxDriver
Command: [48619629-dcd1-4bfe-a9c3-f5035141d29a, findElement {using=xpath, value=//*[@id=&amp;quot;phHeader&amp;quot;]/tbody/tr/td[3]/div/div[3]/div/a[1]/text()}]
Capabilities {acceptInsecureCerts: true, browserName: firefox, browserVersion: 119.0, moz:accessibilityChecks: false, moz:buildID: 20231019122658, moz:debuggerAddress: 127.0.0.1:23004, moz:geckodriverVersion: 0.33.0, moz:headless: false, moz:platformVersion: 10.0, moz:processID: 69844, moz:profile: C:\Users\anush\AppData\Loca..., moz:shutdownTimeout: 60000, moz:webdriverClick: true, moz:windowless: false, pageLoadStrategy: normal, platformName: windows, proxy: Proxy(), se:cdp: ws://127.0.0.1:23004/devtoo..., se:cdpVersion: 85.0, setWindowRect: true, strictFileInteractability: false, timeouts: {implicit: 0, pageLoad: 300000, script: 30000}, unhandledPromptBehavior: dismiss and notify}
Session ID: 48619629-dcd1-4bfe-a9c3-f5035141d29a">
      <![CDATA[org.openqa.selenium.JavascriptException: Cyclic object value
Build info: version: '4.13.0', revision: 'ba948ece5b*'
System info: os.name: 'Windows 10', os.arch: 'amd64', os.version: '10.0', java.version: '17.0.8'
Driver info: org.openqa.selenium.firefox.FirefoxDriver
Command: [48619629-dcd1-4bfe-a9c3-f5035141d29a, findElement {using=xpath, value=//*[@id="phHeader"]/tbody/tr/td[3]/div/div[3]/div/a[1]/text()}]
Capabilities {acceptInsecureCerts: true, browserName: firefox, browserVersion: 119.0, moz:accessibilityChecks: false, moz:buildID: 20231019122658, moz:debuggerAddress: 127.0.0.1:23004, moz:geckodriverVersion: 0.33.0, moz:headless: false, moz:platformVersion: 10.0, moz:processID: 69844, moz:profile: C:\Users\anush\AppData\Loca..., moz:shutdownTimeout: 60000, moz:webdriverClick: true, moz:windowless: false, pageLoadStrategy: normal, platformName: windows, proxy: Proxy(), se:cdp: ws://127.0.0.1:23004/devtoo..., se:cdpVersion: 85.0, setWindowRect: true, strictFileInteractability: false, timeouts: {implicit: 0, pageLoad: 300000, script: 30000}, unhandledPromptBehavior: dismiss and notify}
Session ID: 48619629-dcd1-4bfe-a9c3-f5035141d29a
at org.openqa.selenium.remote.codec.w3c.W3CHttpResponseCodec.createException(W3CHttpResponseCodec.java:200)
at org.openqa.selenium.remote.codec.w3c.W3CHttpResponseCodec.decode(W3CHttpResponseCodec.java:133)
at org.openqa.selenium.remote.codec.w3c.W3CHttpResponseCodec.decode(W3CHttpResponseCodec.java:52)
at org.openqa.selenium.remote.HttpCommandExecutor.execute(HttpCommandExecutor.java:191)
at org.openqa.selenium.remote.service.DriverCommandExecutor.invokeExecute(DriverCommandExecutor.java:196)
at org.openqa.selenium.remote.service.DriverCommandExecutor.execute(DriverCommandExecutor.java:171)
at org.openqa.selenium.remote.RemoteWebDriver.execute(RemoteWebDriver.java:602)
at org.openqa.selenium.remote.ElementLocation$ElementFinder$2.findElement(ElementLocation.java:165)
at org.openqa.selenium.remote.ElementLocation.findElement(ElementLocation.java:59)
at org.openqa.selenium.remote.RemoteWebDriver.findElement(RemoteWebDriver.java:359)
at org.openqa.selenium.remote.RemoteWebDriver.findElement(RemoteWebDriver.java:353)
at com.automation.tests.Scripts.SalesforceLoginScript.login_to_salesforce_CheckRemeberMe(SalesforceLoginScript.java:138)
at java.base/java.util.ArrayList.forEach(ArrayList.java:1511)
... Removed 32 stack frames]]>
    </failure>
  </testcase> <!-- login_to_salesforce_CheckRemeberMe -->
  <testcase classname="com.automation.tests.Scripts.SalesforceLoginScript" name="login_to_salesforce_ForgotPassword" time="17.963"/>
  <testcase classname="com.automation.tests.Scripts.SalesforceLoginScript" name="login_to_salesforce_IncorrectCredentials" time="13.914"/>
  <testcase classname="com.automation.tests.Scripts.SalesforceLoginScript" name="login_to_salesforce_failed" time="9.78"/>
  <testcase classname="com.automation.tests.Scripts.SalesforceLoginScript" name="login_to_salesforce_successfully" time="17.173"/>
  <testcase classname="com.automation.tests.Scripts.SalesforceUserMenu" name="DevelopersConsole" time="14.443"/>
  <testcase classname="com.automation.tests.Scripts.SalesforceUserMenu" name="Logout" time="20.135"/>
  <testcase classname="com.automation.tests.Scripts.SalesforceUserMenu" name="UserMenuDropDown" time="10.019"/>
  <testcase classname="com.automation.tests.Scripts.SalesforceUserMenu" name="editMyProfile" time="12.238">
    <failure type="org.openqa.selenium.ElementNotInteractableException" message="element not interactable
  (Session info: chrome=118.0.5993.90)
Build info: version: &amp;apos;4.13.0&amp;apos;, revision: &amp;apos;ba948ece5b*&amp;apos;
System info: os.name: &amp;apos;Windows 10&amp;apos;, os.arch: &amp;apos;amd64&amp;apos;, os.version: &amp;apos;10.0&amp;apos;, java.version: &amp;apos;17.0.8&amp;apos;
Driver info: org.openqa.selenium.chrome.ChromeDriver
Command: [eea620d7de14495c6066efa1bcc1ccb7, clickElement {id=9437C96E1ACCE0F6A581AE671D42688C_element_68}]
Capabilities {acceptInsecureCerts: false, browserName: chrome, browserVersion: 118.0.5993.90, chrome: {chromedriverVersion: 118.0.5993.70 (e52f33f30b91..., userDataDir: C:\Users\anush\AppData\Loca...}, fedcm:accounts: true, goog:chromeOptions: {debuggerAddress: localhost:54581}, networkConnectionEnabled: false, pageLoadStrategy: normal, platformName: windows, proxy: Proxy(), se:cdp: ws://localhost:54581/devtoo..., se:cdpVersion: 118.0.5993.90, setWindowRect: true, strictFileInteractability: false, timeouts: {implicit: 0, pageLoad: 300000, script: 30000}, unhandledPromptBehavior: dismiss and notify, webauthn:extension:credBlob: true, webauthn:extension:largeBlob: true, webauthn:extension:minPinLength: true, webauthn:extension:prf: true, webauthn:virtualAuthenticators: true}
Element: [[ChromeDriver: chrome on windows (eea620d7de14495c6066efa1bcc1ccb7)] -&amp;gt; xpath: /html/body/div[1]/div[1]/table/tbody/tr/td[3]/div/div[3]/div/div/div[2]/div[3]/a[1]]
Session ID: eea620d7de14495c6066efa1bcc1ccb7">
      <![CDATA[org.openqa.selenium.ElementNotInteractableException: element not interactable
  (Session info: chrome=118.0.5993.90)
Build info: version: '4.13.0', revision: 'ba948ece5b*'
System info: os.name: 'Windows 10', os.arch: 'amd64', os.version: '10.0', java.version: '17.0.8'
Driver info: org.openqa.selenium.chrome.ChromeDriver
Command: [eea620d7de14495c6066efa1bcc1ccb7, clickElement {id=9437C96E1ACCE0F6A581AE671D42688C_element_68}]
Capabilities {acceptInsecureCerts: false, browserName: chrome, browserVersion: 118.0.5993.90, chrome: {chromedriverVersion: 118.0.5993.70 (e52f33f30b91..., userDataDir: C:\Users\anush\AppData\Loca...}, fedcm:accounts: true, goog:chromeOptions: {debuggerAddress: localhost:54581}, networkConnectionEnabled: false, pageLoadStrategy: normal, platformName: windows, proxy: Proxy(), se:cdp: ws://localhost:54581/devtoo..., se:cdpVersion: 118.0.5993.90, setWindowRect: true, strictFileInteractability: false, timeouts: {implicit: 0, pageLoad: 300000, script: 30000}, unhandledPromptBehavior: dismiss and notify, webauthn:extension:credBlob: true, webauthn:extension:largeBlob: true, webauthn:extension:minPinLength: true, webauthn:extension:prf: true, webauthn:virtualAuthenticators: true}
Element: [[ChromeDriver: chrome on windows (eea620d7de14495c6066efa1bcc1ccb7)] -> xpath: /html/body/div[1]/div[1]/table/tbody/tr/td[3]/div/div[3]/div/div/div[2]/div[3]/a[1]]
Session ID: eea620d7de14495c6066efa1bcc1ccb7
at org.openqa.selenium.remote.codec.w3c.W3CHttpResponseCodec.createException(W3CHttpResponseCodec.java:200)
at org.openqa.selenium.remote.codec.w3c.W3CHttpResponseCodec.decode(W3CHttpResponseCodec.java:133)
at org.openqa.selenium.remote.codec.w3c.W3CHttpResponseCodec.decode(W3CHttpResponseCodec.java:52)
at org.openqa.selenium.remote.HttpCommandExecutor.execute(HttpCommandExecutor.java:191)
at org.openqa.selenium.remote.service.DriverCommandExecutor.invokeExecute(DriverCommandExecutor.java:196)
at org.openqa.selenium.remote.service.DriverCommandExecutor.execute(DriverCommandExecutor.java:171)
at org.openqa.selenium.remote.RemoteWebDriver.execute(RemoteWebDriver.java:602)
at org.openqa.selenium.remote.RemoteWebElement.execute(RemoteWebElement.java:224)
at org.openqa.selenium.remote.RemoteWebElement.click(RemoteWebElement.java:77)
at com.automation.tests.Base.BaseTest.clickElement(BaseTest.java:308)
at com.automation.tests.Scripts.SalesforceUserMenu.editMyProfile(SalesforceUserMenu.java:136)
at java.base/java.util.ArrayList.forEach(ArrayList.java:1511)
... Removed 32 stack frames]]>
    </failure>
  </testcase> <!-- editMyProfile -->
  <testcase classname="com.automation.tests.Scripts.SalesforceUserMenu" name="login" time="15.373"/>
  <testcase classname="com.automation.tests.Scripts.SalesforceUserMenu" name="mySettings" time="37.194"/>
  <testcase classname="com.automation.tests.Scripts.SalesforceUserMenu" name="postLink" time="16.385"/>
  <testcase classname="com.automation.tests.Scripts.SalesforceUserMenu" name="updateProfilePicture" time="31.703"/>
  <testcase classname="com.automation.tests.Scripts.SalesforceUserMenu" name="uploadFile" time="19.179"/>
  <testcase classname="com.automation.tests.Base.BaseTest" name="@BeforeTest setupBeforeTest" time="0.0">
    <ignored/>
  </testcase> <!-- @BeforeTest setupBeforeTest -->
</testsuite> <!-- MyTest -->
