<?xml version="1.0" encoding="UTF-8"?>
<!-- Generated by org.testng.reporters.JUnitXMLReporter -->
<testsuite ignored="1" hostname="DESKTOP-T5J9HRI" failures="1" tests="14" name="MyTest1" time="126.33" errors="0" timestamp="2023-10-30T05:27:48 CDT">
  <testcase classname="com.automation.tests.Scripts.SalesforceLoginScript" name="login_to_salesforce_CheckRemeberMe" time="16.828">
    <failure type="org.openqa.selenium.JavascriptException" message="Cyclic object value
Build info: version: &amp;apos;4.13.0&amp;apos;, revision: &amp;apos;ba948ece5b*&amp;apos;
System info: os.name: &amp;apos;Windows 10&amp;apos;, os.arch: &amp;apos;amd64&amp;apos;, os.version: &amp;apos;10.0&amp;apos;, java.version: &amp;apos;17.0.8&amp;apos;
Driver info: org.openqa.selenium.firefox.FirefoxDriver
Command: [dc50b0b6-8387-49cf-a6aa-4b8db940169c, findElement {using=xpath, value=//*[@id=&amp;quot;phHeader&amp;quot;]/tbody/tr/td[3]/div/div[3]/div/a[1]/text()}]
Capabilities {acceptInsecureCerts: true, browserName: firefox, browserVersion: 119.0, moz:accessibilityChecks: false, moz:buildID: 20231019122658, moz:debuggerAddress: 127.0.0.1:31052, moz:geckodriverVersion: 0.33.0, moz:headless: false, moz:platformVersion: 10.0, moz:processID: 42824, moz:profile: C:\Users\anush\AppData\Loca..., moz:shutdownTimeout: 60000, moz:webdriverClick: true, moz:windowless: false, pageLoadStrategy: normal, platformName: windows, proxy: Proxy(), se:cdp: ws://127.0.0.1:31052/devtoo..., se:cdpVersion: 85.0, setWindowRect: true, strictFileInteractability: false, timeouts: {implicit: 0, pageLoad: 300000, script: 30000}, unhandledPromptBehavior: dismiss and notify}
Session ID: dc50b0b6-8387-49cf-a6aa-4b8db940169c">
      <![CDATA[org.openqa.selenium.JavascriptException: Cyclic object value
Build info: version: '4.13.0', revision: 'ba948ece5b*'
System info: os.name: 'Windows 10', os.arch: 'amd64', os.version: '10.0', java.version: '17.0.8'
Driver info: org.openqa.selenium.firefox.FirefoxDriver
Command: [dc50b0b6-8387-49cf-a6aa-4b8db940169c, findElement {using=xpath, value=//*[@id="phHeader"]/tbody/tr/td[3]/div/div[3]/div/a[1]/text()}]
Capabilities {acceptInsecureCerts: true, browserName: firefox, browserVersion: 119.0, moz:accessibilityChecks: false, moz:buildID: 20231019122658, moz:debuggerAddress: 127.0.0.1:31052, moz:geckodriverVersion: 0.33.0, moz:headless: false, moz:platformVersion: 10.0, moz:processID: 42824, moz:profile: C:\Users\anush\AppData\Loca..., moz:shutdownTimeout: 60000, moz:webdriverClick: true, moz:windowless: false, pageLoadStrategy: normal, platformName: windows, proxy: Proxy(), se:cdp: ws://127.0.0.1:31052/devtoo..., se:cdpVersion: 85.0, setWindowRect: true, strictFileInteractability: false, timeouts: {implicit: 0, pageLoad: 300000, script: 30000}, unhandledPromptBehavior: dismiss and notify}
Session ID: dc50b0b6-8387-49cf-a6aa-4b8db940169c
at org.openqa.selenium.remote.codec.w3c.W3CHttpResponseCodec.createException(W3CHttpResponseCodec.java:200)
at org.openqa.selenium.remote.codec.w3c.W3CHttpResponseCodec.decode(W3CHttpResponseCodec.java:133)
at org.openqa.selenium.remote.codec.w3c.W3CHttpResponseCodec.decode(W3CHttpResponseCodec.java:52)
at org.openqa.selenium.remote.HttpCommandExecutor.execute(HttpCommandExecutor.java:191)
at org.openqa.selenium.remote.service.DriverCommandExecutor.invokeExecute(DriverCommandExecutor.java:196)
at org.openqa.selenium.remote.service.DriverCommandExecutor.execute(DriverCommandExecutor.java:171)
at org.openqa.selenium.remote.RemoteWebDriver.execute(RemoteWebDriver.java:602)
at org.openqa.selenium.remote.ElementLocation$ElementFinder$2.findElement(ElementLocation.java:165)
at org.openqa.selenium.remote.ElementLocation.findElement(ElementLocation.java:59)
at org.openqa.selenium.remote.RemoteWebDriver.findElement(RemoteWebDriver.java:359)
at org.openqa.selenium.remote.RemoteWebDriver.findElement(RemoteWebDriver.java:353)
at com.automation.tests.Scripts.SalesforceLoginScript.login_to_salesforce_CheckRemeberMe(SalesforceLoginScript.java:138)
at java.base/java.util.ArrayList.forEach(ArrayList.java:1511)
... Removed 32 stack frames]]>
    </failure>
  </testcase> <!-- login_to_salesforce_CheckRemeberMe -->
  <testcase classname="com.automation.tests.Scripts.SalesforceLoginScript" name="login_to_salesforce_ForgotPassword" time="15.709"/>
  <testcase classname="com.automation.tests.Scripts.SalesforceLoginScript" name="login_to_salesforce_IncorrectCredentials" time="13.023"/>
  <testcase classname="com.automation.tests.Scripts.SalesforceLoginScript" name="login_to_salesforce_failed" time="14.105"/>
  <testcase classname="com.automation.tests.Scripts.SalesforceLoginScript" name="login_to_salesforce_successfully" time="16.25"/>
  <testcase classname="com.automation.tests.Scripts.SalesforceUserMenu" name="UserMenuDropDown" time="11.634"/>
  <testcase classname="com.automation.tests.Scripts.SalesforceUserMenu" name="login" time="0.0">
    <skipped/>
  </testcase> <!-- login -->
  <testcase classname="com.automation.tests.Scripts.SalesforceUserMenu" name="DevelopersConsole" time="0.0">
    <skipped/>
  </testcase> <!-- DevelopersConsole -->
  <testcase classname="com.automation.tests.Scripts.SalesforceUserMenu" name="Logout" time="0.0">
    <skipped/>
  </testcase> <!-- Logout -->
  <testcase classname="com.automation.tests.Scripts.SalesforceUserMenu" name="editMyProfile" time="0.0">
    <skipped/>
  </testcase> <!-- editMyProfile -->
  <testcase classname="com.automation.tests.Scripts.SalesforceUserMenu" name="mySettings" time="0.0">
    <skipped/>
  </testcase> <!-- mySettings -->
  <testcase classname="com.automation.tests.Scripts.SalesforceUserMenu" name="postLink" time="0.0">
    <skipped/>
  </testcase> <!-- postLink -->
  <testcase classname="com.automation.tests.Scripts.SalesforceUserMenu" name="updateProfilePicture" time="0.0">
    <skipped/>
  </testcase> <!-- updateProfilePicture -->
  <testcase classname="com.automation.tests.Scripts.SalesforceUserMenu" name="uploadFile" time="0.001">
    <skipped/>
  </testcase> <!-- uploadFile -->
  <testcase classname="com.automation.tests.Base.BaseTest" name="@BeforeTest setupBeforeTest" time="0.0">
    <ignored/>
  </testcase> <!-- @BeforeTest setupBeforeTest -->
</testsuite> <!-- MyTest1 -->
